<?xml version="1.0" encoding="UTF-8"?>
<!-- Generated by org.testng.reporters.JUnitReportReporter -->
<testsuite hostname="VipsPC" failures="0" tests="1" name="cicd.FirstCICD" time="0.008" errors="0" timestamp="2024-12-19T13:38:23 IST" skipped="0">
  <testcase classname="cicd.FirstCICD" name="testJava" time="0.008"/>
</testsuite> <!-- cicd.FirstCICD -->
